ALT+Left/Right move to tty
CTRL+ALT+F(1,2,3)
alias
awk
awk
bat
blkid
cal
cat
cfdisk
ctrl-d EOF=End Of File   (logs out from bash shell)
curl
curl grep sed awk cut
curl wttr.in/Helgeroa
cut
date
df
diff
dmenu
dmenu_path
dmenu_run
du
dwm
echo
env
feh
firefox
fzf
gcc
git
grep
grep
less
lessecho
ln
loadkeys
ls
lsblk
lsblk --json
lscpu
lspci
lsusb
lxterminal
make
man
mkdir
neofetch
nl
pacman
patch
perl
pkg-config
rmdir
sed
sensors
setfont
setxkbmap
slstatus
st
stest
stty
sudo hwclock
swarp
sxiv
systemctl
time
type
uptime
vim
vimtutor
virtualbox
watch
whereis
which
whoami
wtr
www_browser
xclip
xdg-open
xset
xsetroot
xsetroot
xterm
xxd
