00:00:00.003448 main     VirtualBox XPCOM Server 7.0.6 r155176 linux.amd64 (Feb 22 2023 15:36:54) release log
00:00:00.003453 main     Log opened 2023-03-31T05:23:16.286478000Z
00:00:00.003454 main     Build Type: release
00:00:00.003459 main     OS Product: Linux
00:00:00.003461 main     OS Release: 6.2.8-arch1-1
00:00:00.003463 main     OS Version: #1 SMP PREEMPT_DYNAMIC Wed, 22 Mar 2023 22:52:35 +0000
00:00:00.003521 main     DMI Product Name: AM1M-S2H
00:00:00.003544 main     DMI Product Version: To be filled by O.E.M.
00:00:00.003555 main     Firmware type: UEFI
00:00:00.003788 main     Secure Boot: Disabled
00:00:00.003854 main     Host RAM: 3353MB (3.2GB) total, 2917MB (2.8GB) available
00:00:00.003859 main     Executable: /usr/lib/virtualbox/VBoxSVC
00:00:00.003860 main     Process ID: 6360
00:00:00.003860 main     Package type: LINUX_64BITS_GENERIC (OSE)
00:00:00.007270 main     IPC socket path: /tmp/.vbox-m-ipc/ipcd
00:00:00.122942 nspr-2   VirtualBox: object creation starts
00:00:00.124989 nspr-2   Home directory: '/home/m/.config/VirtualBox'
00:00:00.126306 nspr-2   Loading settings file "/home/m/.config/VirtualBox/VirtualBox.xml" with version "1.12-linux"
00:00:00.134805 nspr-2   Successfully initialised host USB using sysfs
00:00:00.137002 nspr-2   HostDnsMonitor: initializing
00:00:00.137324 nspr-2   NAT: resolv.conf: nameserver 8.8.8.8
00:00:00.137340 nspr-2   NAT: resolv.conf: nameserver 8.8.4.4
00:00:00.137360 nspr-2   HostDnsMonitor: updating information
00:00:00.137389 nspr-2   HostDnsMonitor: old information
00:00:00.137398 nspr-2     no server entries
00:00:00.137406 nspr-2     no domain set
00:00:00.137413 nspr-2     no search string entries
00:00:00.137421 nspr-2   HostDnsMonitor: new information
00:00:00.137429 nspr-2     server 1: 8.8.8.8
00:00:00.137437 nspr-2     server 2: 8.8.4.4
00:00:00.137446 nspr-2     no domain set
00:00:00.137453 nspr-2     no search string entries
00:00:00.149248 nspr-2   VD: VDInit finished with VINF_SUCCESS
00:00:00.150411 nspr-2   ERROR [COM]: aRC=NS_ERROR_FAILURE (0x80004005) aIID={aac6c7cb-a371-4c58-ab51-0616896b2f2c} aComponent={SystemPropertiesWrap} aText={Cannot determine default Guest Additions ISO location. Most likely they are not available}, preserve=false aResultDetail=0
00:00:00.157389 nspr-2   Loading settings file "/dat.mnt/virtboxVMs/archMarch/archMarch.vbox" with version "1.19-linux"
00:00:00.161091 nspr-2   VirtualBox: object created
00:00:02.002600 nspr-2   ERROR [COM]: aRC=VBOX_E_INVALID_VM_STATE (0x80bb0002) aIID={300763af-5d6b-46e6-aa96-273eac15538a} aComponent={MachineWrap} aText={The machine is not mutable (state is PoweredOff)}, preserve=false aResultDetail=0
00:00:02.308233 nspr-5   Saving settings file "/home/m/.config/VirtualBox/VirtualBox.xml" with version "1.12-linux"
00:00:02.316981 nspr-5   Finished saving settings file "/home/m/.config/VirtualBox/VirtualBox.xml"
00:00:11.476192 nspr-4   Saving settings file "/home/m/.config/VirtualBox/VirtualBox.xml" with version "1.12-linux"
00:00:11.485744 nspr-4   Finished saving settings file "/home/m/.config/VirtualBox/VirtualBox.xml"
00:00:20.648575 nspr-5   ERROR [COM]: aRC=VBOX_E_OBJECT_NOT_FOUND (0x80bb0001) aIID={5bfd8965-b81b-469f-8649-f717ce97a5d5} aComponent={NvramStoreWrap} aText={The UEFI NVRAM file is not existing for this machine.}, preserve=false aResultDetail=0
00:00:21.372619 nspr-4   ERROR [COM]: aRC=VBOX_E_INVALID_VM_STATE (0x80bb0002) aIID={300763af-5d6b-46e6-aa96-273eac15538a} aComponent={MachineWrap} aText={The machine is not mutable (state is PoweredOff)}, preserve=false aResultDetail=0
00:00:21.510151 nspr-3   Saving settings file "/home/m/.config/VirtualBox/VirtualBox.xml" with version "1.12-linux"
00:00:21.519568 nspr-3   Finished saving settings file "/home/m/.config/VirtualBox/VirtualBox.xml"
00:00:29.277186 nspr-3   Saving settings file "/home/m/.config/VirtualBox/VirtualBox.xml" with version "1.12-linux"
00:00:29.286783 nspr-3   Finished saving settings file "/home/m/.config/VirtualBox/VirtualBox.xml"
00:00:40.897788 nspr-4   Saving settings file "/home/m/.config/VirtualBox/VirtualBox.xml" with version "1.12-linux"
00:00:40.907491 nspr-4   Finished saving settings file "/home/m/.config/VirtualBox/VirtualBox.xml"
00:00:43.977577 nspr-2   Saving settings file "/home/m/.config/VirtualBox/VirtualBox.xml" with version "1.12-linux"
00:00:43.987455 nspr-2   Finished saving settings file "/home/m/.config/VirtualBox/VirtualBox.xml"
00:01:10.974335 nspr-6   Saving settings file "/home/m/.config/VirtualBox/VirtualBox.xml" with version "1.12-linux"
00:01:10.982424 nspr-6   Finished saving settings file "/home/m/.config/VirtualBox/VirtualBox.xml"
00:01:12.400060 nspr-3   ERROR [COM]: aRC=VBOX_E_INVALID_VM_STATE (0x80bb0002) aIID={300763af-5d6b-46e6-aa96-273eac15538a} aComponent={MachineWrap} aText={The machine is not mutable (state is PoweredOff)}, preserve=false aResultDetail=0
00:01:12.676757 nspr-6   Saving settings file "/home/m/.config/VirtualBox/VirtualBox.xml" with version "1.12-linux"
00:01:12.685542 nspr-6   Finished saving settings file "/home/m/.config/VirtualBox/VirtualBox.xml"
00:01:31.888066 nspr-5   Saving settings file "/home/m/.config/VirtualBox/VirtualBox.xml" with version "1.12-linux"
00:01:31.897575 nspr-5   Finished saving settings file "/home/m/.config/VirtualBox/VirtualBox.xml"
00:03:15.477216 nspr-5   Saving settings file "/home/m/.config/VirtualBox/VirtualBox.xml" with version "1.12-linux"
00:03:15.487289 nspr-5   Finished saving settings file "/home/m/.config/VirtualBox/VirtualBox.xml"
00:03:49.082239 nspr-5   Saving settings file "/dat.mnt/virtboxVMs/archMarch/archMarch.vbox" with version "1.19-linux"
00:03:49.109218 nspr-5   Finished saving settings file "/dat.mnt/virtboxVMs/archMarch/archMarch.vbox"
00:03:49.309403 nspr-2   ERROR [COM]: aRC=VBOX_E_INVALID_VM_STATE (0x80bb0002) aIID={300763af-5d6b-46e6-aa96-273eac15538a} aComponent={MachineWrap} aText={The machine is not mutable (state is PoweredOff)}, preserve=false aResultDetail=0
00:03:49.565431 nspr-5   Saving settings file "/home/m/.config/VirtualBox/VirtualBox.xml" with version "1.12-linux"
00:03:49.575183 nspr-5   Finished saving settings file "/home/m/.config/VirtualBox/VirtualBox.xml"
00:03:54.126782 nspr-6   Launched VM: 1610619664 pid: 6609 (0x19d1) frontend: GUI/Qt name: archMarch
00:03:54.189669 nspr-6   ERROR [COM]: aRC=VBOX_E_INVALID_VM_STATE (0x80bb0002) aIID={300763af-5d6b-46e6-aa96-273eac15538a} aComponent={MachineWrap} aText={The machine is not mutable (state is PoweredOff)}, preserve=false aResultDetail=0
00:03:54.754977 nspr-7   ERROR [COM]: aRC=VBOX_E_INVALID_VM_STATE (0x80bb0002) aIID={300763af-5d6b-46e6-aa96-273eac15538a} aComponent={MachineWrap} aText={The machine is not mutable (state is PoweredOff)}, preserve=false aResultDetail=0
00:03:54.873787 nspr-5   Saving settings file "/home/m/.config/VirtualBox/VirtualBox.xml" with version "1.12-linux"
00:03:54.878268 nspr-5   Finished saving settings file "/home/m/.config/VirtualBox/VirtualBox.xml"
00:03:56.266837 nspr-5   ERROR [COM]: aRC=VBOX_E_OBJECT_NOT_FOUND (0x80bb0001) aIID={70401eef-c8e9-466b-9660-45cb3e9979e4} aComponent={ExtPackManagerWrap} aText={No extension pack by the name 'Oracle VM VirtualBox Extension Pack' was found}, preserve=false aResultDetail=0
00:03:56.451232 nspr-3   ERROR [COM]: aRC=VBOX_E_IPRT_ERROR (0x80bb0005) aIID={300763af-5d6b-46e6-aa96-273eac15538a} aComponent={SessionMachine} aText={Saved screenshot data is not available (VERR_NOT_SUPPORTED)}, preserve=false aResultDetail=-37
00:03:56.676640 nspr-6   ERROR [COM]: aRC=VBOX_E_INVALID_VM_STATE (0x80bb0002) aIID={300763af-5d6b-46e6-aa96-273eac15538a} aComponent={MachineWrap} aText={The machine is not mutable (state is Starting)}, preserve=false aResultDetail=0
00:03:57.009990 nspr-4   Saving settings file "/dat.mnt/virtboxVMs/archMarch/archMarch.vbox" with version "1.19-linux"
00:03:57.015915 nspr-4   Finished saving settings file "/dat.mnt/virtboxVMs/archMarch/archMarch.vbox"
00:03:57.017959 nspr-8   ERROR [COM]: aRC=VBOX_E_OBJECT_NOT_FOUND (0x80bb0001) aIID={ad47ad09-787b-44ab-b343-a082a3f2dfb1} aComponent={MediumWrap} aText={Property 'CRYPT/KeyId' does not exist}, preserve=false aResultDetail=0
00:03:57.155711 nspr-6   Saving settings file "/home/m/.config/VirtualBox/VirtualBox.xml" with version "1.12-linux"
00:03:57.160244 nspr-6   Finished saving settings file "/home/m/.config/VirtualBox/VirtualBox.xml"
00:03:57.209124 nspr-5   ERROR [COM]: aRC=VBOX_E_INVALID_VM_STATE (0x80bb0002) aIID={300763af-5d6b-46e6-aa96-273eac15538a} aComponent={MachineWrap} aText={The machine is not mutable (state is Running)}, preserve=false aResultDetail=0
00:04:04.684069 nspr-6   Saving settings file "/home/m/.config/VirtualBox/VirtualBox.xml" with version "1.12-linux"
00:04:04.692100 nspr-6   Finished saving settings file "/home/m/.config/VirtualBox/VirtualBox.xml"
00:04:04.692851 nspr-8   Saving settings file "/dat.mnt/virtboxVMs/archMarch/archMarch.vbox" with version "1.19-linux"
00:04:04.697401 nspr-8   Finished saving settings file "/dat.mnt/virtboxVMs/archMarch/archMarch.vbox"
00:04:04.736614 nspr-2   ERROR [COM]: aRC=VBOX_E_INVALID_VM_STATE (0x80bb0002) aIID={300763af-5d6b-46e6-aa96-273eac15538a} aComponent={MachineWrap} aText={The machine is not mutable (state is Running)}, preserve=false aResultDetail=0
00:04:05.370518 nspr-8   Saving settings file "/home/m/.config/VirtualBox/VirtualBox.xml" with version "1.12-linux"
00:04:05.375249 nspr-8   Finished saving settings file "/home/m/.config/VirtualBox/VirtualBox.xml"
00:04:05.380846 nspr-4   Saving settings file "/dat.mnt/virtboxVMs/archMarch/archMarch.vbox" with version "1.19-linux"
00:04:05.385731 nspr-4   Finished saving settings file "/dat.mnt/virtboxVMs/archMarch/archMarch.vbox"
00:04:05.438456 nspr-9   ERROR [COM]: aRC=VBOX_E_INVALID_VM_STATE (0x80bb0002) aIID={300763af-5d6b-46e6-aa96-273eac15538a} aComponent={MachineWrap} aText={The machine is not mutable (state is Running)}, preserve=false aResultDetail=0
00:04:05.901932 nspr-6   Saving settings file "/home/m/.config/VirtualBox/VirtualBox.xml" with version "1.12-linux"
00:04:05.906838 nspr-6   Finished saving settings file "/home/m/.config/VirtualBox/VirtualBox.xml"
00:04:05.910890 nspr-8   Saving settings file "/dat.mnt/virtboxVMs/archMarch/archMarch.vbox" with version "1.19-linux"
00:04:05.915645 nspr-8   Finished saving settings file "/dat.mnt/virtboxVMs/archMarch/archMarch.vbox"
00:04:05.954622 nspr-8   ERROR [COM]: aRC=VBOX_E_INVALID_VM_STATE (0x80bb0002) aIID={300763af-5d6b-46e6-aa96-273eac15538a} aComponent={MachineWrap} aText={The machine is not mutable (state is Running)}, preserve=false aResultDetail=0
00:11:45.238011 nspr-2   Saving settings file "/home/m/.config/VirtualBox/VirtualBox.xml" with version "1.12-linux"
00:11:45.246179 nspr-2   Finished saving settings file "/home/m/.config/VirtualBox/VirtualBox.xml"
00:11:45.246436 nspr-5   Saving settings file "/dat.mnt/virtboxVMs/archMarch/archMarch.vbox" with version "1.19-linux"
00:11:45.251038 nspr-5   Finished saving settings file "/dat.mnt/virtboxVMs/archMarch/archMarch.vbox"
00:11:45.286799 nspr-2   ERROR [COM]: aRC=VBOX_E_INVALID_VM_STATE (0x80bb0002) aIID={300763af-5d6b-46e6-aa96-273eac15538a} aComponent={MachineWrap} aText={The machine is not mutable (state is Running)}, preserve=false aResultDetail=0
00:12:18.715182 nspr-5   Saving settings file "/dat.mnt/virtboxVMs/archMarch/archMarch.vbox" with version "1.19-linux"
00:12:18.720427 nspr-5   Finished saving settings file "/dat.mnt/virtboxVMs/archMarch/archMarch.vbox"
00:12:18.727202 nspr-3   ERROR [COM]: aRC=VBOX_E_INVALID_VM_STATE (0x80bb0002) aIID={300763af-5d6b-46e6-aa96-273eac15538a} aComponent={MachineWrap} aText={The machine is not mutable (state is PoweredOff)}, preserve=false aResultDetail=0
00:12:18.799614 nspr-6   ERROR [COM]: aRC=VBOX_E_INVALID_VM_STATE (0x80bb0002) aIID={300763af-5d6b-46e6-aa96-273eac15538a} aComponent={MachineWrap} aText={The machine is not mutable (state is PoweredOff)}, preserve=false aResultDetail=0
00:12:19.903753 nspr-4   ERROR [COM]: aRC=VBOX_E_INVALID_VM_STATE (0x80bb0002) aIID={300763af-5d6b-46e6-aa96-273eac15538a} aComponent={MachineWrap} aText={The machine is not mutable (state is PoweredOff)}, preserve=false aResultDetail=0
00:12:20.167516 nspr-9   Saving settings file "/home/m/.config/VirtualBox/VirtualBox.xml" with version "1.12-linux"
00:12:20.177324 nspr-9   Finished saving settings file "/home/m/.config/VirtualBox/VirtualBox.xml"
00:12:46.793249 main     VirtualBox: object deletion starts
00:12:46.793452 main     ERROR [COM]: aRC=VBOX_E_OBJECT_IN_USE (0x80bb000c) aIID={ad47ad09-787b-44ab-b343-a082a3f2dfb1} aComponent={MediumWrap} aText={Medium '/dat.mnt/virtboxVMs/archMarch/archMarch.vdi' cannot be closed because it is still attached to 1 virtual machines}, preserve=false aResultDetail=0
00:12:46.795256 main     HostDnsMonitor: shutting down ...
00:12:46.807136 main     HostDnsMonitor: shut down
00:12:46.829420 Watcher  ERROR [COM]: aRC=E_ACCESSDENIED (0x80070005) aIID={7682d5eb-f00e-44f1-8ca2-99d08b1cd607} aComponent={VirtualBoxWrap} aText={The object is not ready}, preserve=false aResultDetail=0
00:12:46.829642 main     VirtualBox: object deleted
