ALT+Left/Right move to tty
CTRL+ALT+F(1,2,3)
alias
awk
awk
bat
bind
blkid
cal
cat
cfdisk
chvt
ctrl-d EOF=End Of File, log out shell
curl
curl grep sed awk cut
curl wttr.in/Helgeroa
cut
date
df
diff
du
dumpkeys
echo
env
fzf
gcc
git
grep
grep
less
lessecho
ln
loadkeys
localectl
ls
lsblk
lsblk --json
lscpu
lspci
lsusb
make
man
mkdir
neofetch
nl
pacman
patch
perl
pfetch
pkg-config
reflector
rmdir
sed
sensors
setfont
showkey
stty
sudo hwclock
systemctl
time
type
uptime
vim
vimtutor
watch
whereis
which
whoami
