00:00:00.624151 VirtualBox GUI VM Selector Window 7.0.6 r155176 linux.amd64 (Feb 22 2023 15:36:54) release log
00:00:00.624157 Log opened 2023-03-29T02:03:42.617954000Z
00:00:00.624158 Build Type: release
00:00:00.624164 OS Product: Linux
00:00:00.624167 OS Release: 6.2.8-arch1-1
00:00:00.624170 OS Version: #1 SMP PREEMPT_DYNAMIC Wed, 22 Mar 2023 22:52:35 +0000
00:00:00.624226 DMI Product Name: AM1M-S2H
00:00:00.624255 DMI Product Version: To be filled by O.E.M.
00:00:00.624268 Firmware type: UEFI
00:00:00.624542 Secure Boot: Disabled
00:00:00.624631 Host RAM: 3353MB (3.2GB) total, 3018MB (2.9GB) available
00:00:00.624637 Executable: /usr/lib/virtualbox/VirtualBox
00:00:00.624639 Process ID: 2595
00:00:00.624640 Package type: LINUX_64BITS_GENERIC (OSE)
00:00:00.624718 Qt version: 5.15.8
00:00:00.626624 GUI: UIMediumEnumerator: Initial medium-enumeration finished!
00:00:00.632747 GUI: UIMediumEnumerator: Medium-enumeration started...
00:00:00.632809 GUI: UIMediumEnumerator: Medium-enumeration finished!
00:00:02.076699 GUI: UIDesktopWidgetWatchdog::sltHandleHostScreenAvailableGeometryCalculated: Screen 0 work area is actually resized to: 1151x16 x 766x589
00:01:29.585913 GUI: UIMediumEnumerator: Medium-enumeration finished!
00:01:29.746218 GUI: UIMediumEnumerator: Medium-enumeration finished!
00:01:36.031096 GUI: UIMediumEnumerator: Medium-enumeration finished!
00:03:17.527473 GUI: UIMediumEnumerator: Medium-enumeration finished!
00:03:19.821490 GUI: UIMediumEnumerator: Medium-enumeration finished!
00:03:20.824853 GUI: UIMediumEnumerator: Medium-enumeration finished!
00:03:53.125194 GUI: UIMediumEnumerator: Medium-enumeration finished!
00:03:53.660489 GUI: UIMediumEnumerator: Medium-enumeration finished!
00:03:54.067710 GUI: UIMediumEnumerator: Medium-enumeration finished!
00:03:55.026771 GUI: UIMediumEnumerator: Medium-enumeration finished!
00:03:58.726236 GUI: UIMediumEnumerator: Medium-enumeration finished!
00:03:59.365146 GUI: UIMediumEnumerator: Medium-enumeration finished!
00:03:59.911206 GUI: UIMediumEnumerator: Medium-enumeration finished!
00:04:00.343238 GUI: UIMediumEnumerator: Medium-enumeration finished!
00:04:16.328061 GUI: UIMediumEnumerator: Medium-enumeration finished!
00:04:39.839807 GUI: UIMediumEnumerator: Medium-enumeration finished!
00:04:49.236252 GUI: UIMediumEnumerator: Medium-enumeration finished!
00:04:57.621802 GUI: UIMediumEnumerator: Medium-enumeration finished!
00:05:22.513680 GUI: UIMediumEnumerator: Medium-enumeration finished!
00:05:24.526727 GUI: UIMediumEnumerator: Medium-enumeration finished!
00:05:36.812932 GUI: UIMediumEnumerator: Medium-enumeration finished!
00:05:37.847046 GUI: UIMediumEnumerator: Medium-enumeration finished!
00:05:38.613330 GUI: UIMediumEnumerator: Medium-enumeration finished!
00:05:39.012937 GUI: UIMediumEnumerator: Medium-enumeration finished!
00:05:39.612492 GUI: UIMediumEnumerator: Medium-enumeration finished!
00:06:56.501078 GUI: UIMediumEnumerator: Medium-enumeration finished!
00:16:26.236099 GUI: UIMediumEnumerator: Medium-enumeration finished!
00:16:39.337867 GUI: UIMediumEnumerator: Medium-enumeration finished!
00:16:40.611774 GUI: UIMediumEnumerator: Medium-enumeration finished!
00:16:44.118397 GUI: UIMediumEnumerator: Medium-enumeration finished!
00:16:45.842592 GUI: UIMediumEnumerator: Medium-enumeration finished!
00:16:46.178790 GUI: UIMediumEnumerator: Medium-enumeration finished!
00:32:58.156928 GUI: UIMediumEnumerator: Medium-enumeration finished!
00:32:58.616506 GUI: UIMediumEnumerator: Medium-enumeration finished!
00:33:31.561045 GUI: UIMediumEnumerator: Medium-enumeration finished!
00:34:06.931537 GUI: UIMediumEnumerator: Medium-enumeration finished!
00:34:09.729040 GUI: UIMediumEnumerator: Medium-enumeration finished!
