00:00:00.000662 main     VirtualBox XPCOM Server 7.0.6 r155176 linux.amd64 (Feb 22 2023 15:36:54) release log
00:00:00.000667 main     Log opened 2023-03-29T02:03:42.377347000Z
00:00:00.000668 main     Build Type: release
00:00:00.000673 main     OS Product: Linux
00:00:00.000675 main     OS Release: 6.2.8-arch1-1
00:00:00.000678 main     OS Version: #1 SMP PREEMPT_DYNAMIC Wed, 22 Mar 2023 22:52:35 +0000
00:00:00.000757 main     DMI Product Name: AM1M-S2H
00:00:00.000816 main     DMI Product Version: To be filled by O.E.M.
00:00:00.000840 main     Firmware type: UEFI
00:00:00.001255 main     Secure Boot: Disabled
00:00:00.001323 main     Host RAM: 3353MB (3.2GB) total, 3020MB (2.9GB) available
00:00:00.001329 main     Executable: /usr/lib/virtualbox/VBoxSVC
00:00:00.001330 main     Process ID: 2620
00:00:00.001330 main     Package type: LINUX_64BITS_GENERIC (OSE)
00:00:00.006563 main     IPC socket path: /tmp/.vbox-m-ipc/ipcd
00:00:00.121906 nspr-2   VirtualBox: object creation starts
00:00:00.122206 nspr-2   Home directory: '/home/m/.config/VirtualBox'
00:00:00.122733 nspr-2   Loading settings file "/home/m/.config/VirtualBox/VirtualBox.xml" with version "1.12-linux"
00:00:00.126772 nspr-2   Successfully initialised host USB using sysfs
00:00:00.127730 nspr-2   HostDnsMonitor: initializing
00:00:00.128013 nspr-2   NAT: resolv.conf: nameserver 8.8.8.8
00:00:00.128033 nspr-2   NAT: resolv.conf: nameserver 8.8.4.4
00:00:00.128057 nspr-2   HostDnsMonitor: updating information
00:00:00.128112 nspr-2   HostDnsMonitor: old information
00:00:00.128125 nspr-2     no server entries
00:00:00.128136 nspr-2     no domain set
00:00:00.128145 nspr-2     no search string entries
00:00:00.128155 nspr-2   HostDnsMonitor: new information
00:00:00.128165 nspr-2     server 1: 8.8.8.8
00:00:00.128175 nspr-2     server 2: 8.8.4.4
00:00:00.128185 nspr-2     no domain set
00:00:00.128195 nspr-2     no search string entries
00:00:00.134909 nspr-2   VD: VDInit finished with VINF_SUCCESS
00:00:00.135125 nspr-2   ERROR [COM]: aRC=NS_ERROR_FAILURE (0x80004005) aIID={aac6c7cb-a371-4c58-ab51-0616896b2f2c} aComponent={SystemPropertiesWrap} aText={Cannot determine default Guest Additions ISO location. Most likely they are not available}, preserve=false aResultDetail=0
00:00:00.136802 nspr-2   VirtualBox: object created
00:00:03.993614 nspr-2   Saving settings file "/home/m/.config/VirtualBox/VirtualBox.xml" with version "1.12-linux"
00:00:04.003551 nspr-2   Finished saving settings file "/home/m/.config/VirtualBox/VirtualBox.xml"
00:00:14.117690 nspr-4   Saving settings file "/home/m/.config/VirtualBox/VirtualBox.xml" with version "1.12-linux"
00:00:14.127232 nspr-4   Finished saving settings file "/home/m/.config/VirtualBox/VirtualBox.xml"
00:00:16.744292 nspr-4   ERROR [COM]: aRC=NS_ERROR_FAILURE (0x80004005) aIID={aac6c7cb-a371-4c58-ab51-0616896b2f2c} aComponent={SystemPropertiesWrap} aText={Cannot determine default Guest Additions ISO location. Most likely they are not available}, preserve=false aResultDetail=0
00:00:24.622932 nspr-2   Unattended: RTVfsQueryPathInfo(, '\OS2IMAGE/DISK_0/OS2LDR' (from OS2SE20.SRC),) -> VERR_PATH_NOT_FOUND, fMode=0x0
00:00:29.018522 nspr-4   Unattended: RTVfsQueryPathInfo(, '\OS2IMAGE/DISK_0/OS2LDR' (from OS2SE20.SRC),) -> VERR_PATH_NOT_FOUND, fMode=0x0
00:00:29.132568 nspr-4   Saving settings file "/home/m/.config/VirtualBox/VirtualBox.xml" with version "1.12-linux"
00:00:29.138014 nspr-4   Finished saving settings file "/home/m/.config/VirtualBox/VirtualBox.xml"
00:01:29.086869 createBase Saving settings file "/home/m/.config/VirtualBox/VirtualBox.xml" with version "1.12-linux"
00:01:29.095563 createBase Finished saving settings file "/home/m/.config/VirtualBox/VirtualBox.xml"
00:01:29.130809 nspr-5   Saving settings file "/home/m/VirtualBox VMs/arch/arch.vbox" with version "1.19-linux"
00:01:29.143093 nspr-5   Finished saving settings file "/home/m/VirtualBox VMs/arch/arch.vbox"
00:01:29.143444 nspr-5   Saving settings file "/home/m/.config/VirtualBox/VirtualBox.xml" with version "1.12-linux"
00:01:29.148006 nspr-5   Finished saving settings file "/home/m/.config/VirtualBox/VirtualBox.xml"
00:01:29.154384 nspr-2   Saving settings file "/home/m/.config/VirtualBox/VirtualBox.xml" with version "1.12-linux"
00:01:29.158678 nspr-2   Finished saving settings file "/home/m/.config/VirtualBox/VirtualBox.xml"
00:01:29.162440 nspr-5   Saving settings file "/home/m/.config/VirtualBox/VirtualBox.xml" with version "1.12-linux"
00:01:29.166756 nspr-5   Finished saving settings file "/home/m/.config/VirtualBox/VirtualBox.xml"
00:01:29.167808 nspr-2   Saving settings file "/home/m/VirtualBox VMs/arch/arch.vbox" with version "1.19-linux"
00:01:29.171933 nspr-2   Finished saving settings file "/home/m/VirtualBox VMs/arch/arch.vbox"
00:01:29.231548 nspr-5   Saving settings file "/home/m/.config/VirtualBox/VirtualBox.xml" with version "1.12-linux"
00:01:29.237079 nspr-5   Finished saving settings file "/home/m/.config/VirtualBox/VirtualBox.xml"
00:01:29.947275 nspr-4   ERROR [COM]: aRC=VBOX_E_INVALID_VM_STATE (0x80bb0002) aIID={300763af-5d6b-46e6-aa96-273eac15538a} aComponent={MachineWrap} aText={The machine is not mutable (state is PoweredOff)}, preserve=false aResultDetail=0
00:01:32.705331 nspr-4   Launched VM: 134263952 pid: 2704 (0xa90) frontend: GUI/Qt name: arch
00:01:32.786817 nspr-3   ERROR [COM]: aRC=VBOX_E_INVALID_VM_STATE (0x80bb0002) aIID={300763af-5d6b-46e6-aa96-273eac15538a} aComponent={MachineWrap} aText={The machine is not mutable (state is PoweredOff)}, preserve=false aResultDetail=0
00:01:33.341048 nspr-7   ERROR [COM]: aRC=VBOX_E_INVALID_VM_STATE (0x80bb0002) aIID={300763af-5d6b-46e6-aa96-273eac15538a} aComponent={MachineWrap} aText={The machine is not mutable (state is PoweredOff)}, preserve=false aResultDetail=0
00:01:33.460067 nspr-3   Saving settings file "/home/m/.config/VirtualBox/VirtualBox.xml" with version "1.12-linux"
00:01:33.468111 nspr-3   Finished saving settings file "/home/m/.config/VirtualBox/VirtualBox.xml"
00:01:34.868840 nspr-3   ERROR [COM]: aRC=VBOX_E_OBJECT_NOT_FOUND (0x80bb0001) aIID={70401eef-c8e9-466b-9660-45cb3e9979e4} aComponent={ExtPackManagerWrap} aText={No extension pack by the name 'Oracle VM VirtualBox Extension Pack' was found}, preserve=false aResultDetail=0
00:01:35.064865 nspr-4   ERROR [COM]: aRC=VBOX_E_IPRT_ERROR (0x80bb0005) aIID={300763af-5d6b-46e6-aa96-273eac15538a} aComponent={SessionMachine} aText={Saved screenshot data is not available (VERR_NOT_SUPPORTED)}, preserve=false aResultDetail=-37
00:01:35.250412 nspr-8   ERROR [COM]: aRC=VBOX_E_INVALID_VM_STATE (0x80bb0002) aIID={300763af-5d6b-46e6-aa96-273eac15538a} aComponent={MachineWrap} aText={The machine is not mutable (state is Starting)}, preserve=false aResultDetail=0
00:01:35.602633 nspr-3   Saving settings file "/home/m/VirtualBox VMs/arch/arch.vbox" with version "1.19-linux"
00:01:35.607216 nspr-3   Finished saving settings file "/home/m/VirtualBox VMs/arch/arch.vbox"
00:01:35.667689 nspr-10  ERROR [COM]: aRC=VBOX_E_OBJECT_NOT_FOUND (0x80bb0001) aIID={ad47ad09-787b-44ab-b343-a082a3f2dfb1} aComponent={MediumWrap} aText={Property 'CRYPT/KeyId' does not exist}, preserve=false aResultDetail=0
00:01:35.675309 nspr-6   ERROR [COM]: aRC=VBOX_E_OBJECT_NOT_FOUND (0x80bb0001) aIID={ad47ad09-787b-44ab-b343-a082a3f2dfb1} aComponent={MediumWrap} aText={Property 'CRYPT/KeyId' does not exist}, preserve=false aResultDetail=0
00:01:35.678701 nspr-3   ERROR [COM]: aRC=VBOX_E_INVALID_VM_STATE (0x80bb0002) aIID={300763af-5d6b-46e6-aa96-273eac15538a} aComponent={MachineWrap} aText={The machine is not mutable (state is Starting)}, preserve=false aResultDetail=0
00:01:35.682130 nspr-10  Saving settings file "/home/m/.config/VirtualBox/VirtualBox.xml" with version "1.12-linux"
00:01:35.691556 nspr-10  Finished saving settings file "/home/m/.config/VirtualBox/VirtualBox.xml"
00:01:35.939249 nspr-9   ERROR [COM]: aRC=VBOX_E_INVALID_VM_STATE (0x80bb0002) aIID={300763af-5d6b-46e6-aa96-273eac15538a} aComponent={MachineWrap} aText={The machine is not mutable (state is Running)}, preserve=false aResultDetail=0
00:02:31.185833 nspr-4   Saving settings file "/home/m/VirtualBox VMs/arch/arch.vbox" with version "1.19-linux"
00:02:31.190744 nspr-4   Finished saving settings file "/home/m/VirtualBox VMs/arch/arch.vbox"
00:02:31.408950 nspr-6   ERROR [COM]: aRC=VBOX_E_INVALID_VM_STATE (0x80bb0002) aIID={300763af-5d6b-46e6-aa96-273eac15538a} aComponent={MachineWrap} aText={The machine is not mutable (state is PoweredOff)}, preserve=false aResultDetail=0
00:02:32.455960 nspr-10  ERROR [COM]: aRC=VBOX_E_INVALID_VM_STATE (0x80bb0002) aIID={300763af-5d6b-46e6-aa96-273eac15538a} aComponent={MachineWrap} aText={The machine is not mutable (state is PoweredOff)}, preserve=false aResultDetail=0
00:02:32.598634 nspr-5   Saving settings file "/home/m/.config/VirtualBox/VirtualBox.xml" with version "1.12-linux"
00:02:32.608067 nspr-5   Finished saving settings file "/home/m/.config/VirtualBox/VirtualBox.xml"
00:02:35.444538 nspr-4   Launched VM: 134271648 pid: 2798 (0xaee) frontend: GUI/Qt name: arch
00:02:35.511125 nspr-3   ERROR [COM]: aRC=VBOX_E_INVALID_VM_STATE (0x80bb0002) aIID={300763af-5d6b-46e6-aa96-273eac15538a} aComponent={MachineWrap} aText={The machine is not mutable (state is PoweredOff)}, preserve=false aResultDetail=0
00:02:36.045667 nspr-10  ERROR [COM]: aRC=VBOX_E_INVALID_VM_STATE (0x80bb0002) aIID={300763af-5d6b-46e6-aa96-273eac15538a} aComponent={MachineWrap} aText={The machine is not mutable (state is PoweredOff)}, preserve=false aResultDetail=0
00:02:36.176525 nspr-10  Saving settings file "/home/m/.config/VirtualBox/VirtualBox.xml" with version "1.12-linux"
00:02:36.184587 nspr-10  Finished saving settings file "/home/m/.config/VirtualBox/VirtualBox.xml"
00:02:37.566961 nspr-10  ERROR [COM]: aRC=VBOX_E_OBJECT_NOT_FOUND (0x80bb0001) aIID={70401eef-c8e9-466b-9660-45cb3e9979e4} aComponent={ExtPackManagerWrap} aText={No extension pack by the name 'Oracle VM VirtualBox Extension Pack' was found}, preserve=false aResultDetail=0
00:02:37.744067 nspr-5   ERROR [COM]: aRC=VBOX_E_IPRT_ERROR (0x80bb0005) aIID={300763af-5d6b-46e6-aa96-273eac15538a} aComponent={SessionMachine} aText={Saved screenshot data is not available (VERR_NOT_SUPPORTED)}, preserve=false aResultDetail=-37
00:02:37.953482 nspr-2   ERROR [COM]: aRC=VBOX_E_INVALID_VM_STATE (0x80bb0002) aIID={300763af-5d6b-46e6-aa96-273eac15538a} aComponent={MachineWrap} aText={The machine is not mutable (state is Starting)}, preserve=false aResultDetail=0
00:02:38.299273 nspr-3   ERROR [COM]: aRC=VBOX_E_OBJECT_NOT_FOUND (0x80bb0001) aIID={ad47ad09-787b-44ab-b343-a082a3f2dfb1} aComponent={MediumWrap} aText={Property 'CRYPT/KeyId' does not exist}, preserve=false aResultDetail=0
00:02:38.302772 nspr-6   ERROR [COM]: aRC=VBOX_E_OBJECT_NOT_FOUND (0x80bb0001) aIID={ad47ad09-787b-44ab-b343-a082a3f2dfb1} aComponent={MediumWrap} aText={Property 'CRYPT/KeyId' does not exist}, preserve=false aResultDetail=0
00:02:38.445716 nspr-5   Saving settings file "/home/m/.config/VirtualBox/VirtualBox.xml" with version "1.12-linux"
00:02:38.453757 nspr-5   Finished saving settings file "/home/m/.config/VirtualBox/VirtualBox.xml"
00:02:38.555981 nspr-10  ERROR [COM]: aRC=VBOX_E_INVALID_VM_STATE (0x80bb0002) aIID={300763af-5d6b-46e6-aa96-273eac15538a} aComponent={MachineWrap} aText={The machine is not mutable (state is Running)}, preserve=false aResultDetail=0
00:03:17.102361 nspr-2   Saving settings file "/home/m/VirtualBox VMs/arch/arch.vbox" with version "1.19-linux"
00:03:17.110528 nspr-2   Finished saving settings file "/home/m/VirtualBox VMs/arch/arch.vbox"
00:03:17.165105 nspr-10  ERROR [COM]: aRC=VBOX_E_INVALID_VM_STATE (0x80bb0002) aIID={300763af-5d6b-46e6-aa96-273eac15538a} aComponent={MachineWrap} aText={The machine is not mutable (state is Running)}, preserve=false aResultDetail=0
00:03:17.208108 nspr-7   Saving settings file "/home/m/.config/VirtualBox/VirtualBox.xml" with version "1.12-linux"
00:03:17.217459 nspr-7   Finished saving settings file "/home/m/.config/VirtualBox/VirtualBox.xml"
00:03:19.401335 nspr-3   Saving settings file "/home/m/VirtualBox VMs/arch/arch.vbox" with version "1.19-linux"
00:03:19.409492 nspr-3   Finished saving settings file "/home/m/VirtualBox VMs/arch/arch.vbox"
00:03:19.458723 nspr-3   ERROR [COM]: aRC=VBOX_E_INVALID_VM_STATE (0x80bb0002) aIID={300763af-5d6b-46e6-aa96-273eac15538a} aComponent={MachineWrap} aText={The machine is not mutable (state is Running)}, preserve=false aResultDetail=0
00:03:19.466800 nspr-3   Saving settings file "/home/m/.config/VirtualBox/VirtualBox.xml" with version "1.12-linux"
00:03:19.474979 nspr-3   Finished saving settings file "/home/m/.config/VirtualBox/VirtualBox.xml"
00:03:20.396131 nspr-4   Saving settings file "/home/m/.config/VirtualBox/VirtualBox.xml" with version "1.12-linux"
00:03:20.404108 nspr-4   Finished saving settings file "/home/m/.config/VirtualBox/VirtualBox.xml"
00:03:20.404790 nspr-7   Saving settings file "/home/m/VirtualBox VMs/arch/arch.vbox" with version "1.19-linux"
00:03:20.412923 nspr-7   Finished saving settings file "/home/m/VirtualBox VMs/arch/arch.vbox"
00:03:20.461270 nspr-8   ERROR [COM]: aRC=VBOX_E_INVALID_VM_STATE (0x80bb0002) aIID={300763af-5d6b-46e6-aa96-273eac15538a} aComponent={MachineWrap} aText={The machine is not mutable (state is Running)}, preserve=false aResultDetail=0
00:03:27.292383 nspr-5   Saving settings file "/home/m/.config/VirtualBox/VirtualBox.xml" with version "1.12-linux"
00:03:27.300297 nspr-5   Finished saving settings file "/home/m/.config/VirtualBox/VirtualBox.xml"
00:03:52.700358 nspr-10  Saving settings file "/home/m/.config/VirtualBox/VirtualBox.xml" with version "1.12-linux"
00:03:52.705092 nspr-3   Saving settings file "/home/m/VirtualBox VMs/arch/arch.vbox" with version "1.19-linux"
00:03:52.709923 nspr-10  Finished saving settings file "/home/m/.config/VirtualBox/VirtualBox.xml"
00:03:52.713070 nspr-3   Finished saving settings file "/home/m/VirtualBox VMs/arch/arch.vbox"
00:03:52.757587 nspr-6   ERROR [COM]: aRC=VBOX_E_INVALID_VM_STATE (0x80bb0002) aIID={300763af-5d6b-46e6-aa96-273eac15538a} aComponent={MachineWrap} aText={The machine is not mutable (state is Running)}, preserve=false aResultDetail=0
00:03:53.197884 nspr-5   Saving settings file "/home/m/VirtualBox VMs/arch/arch.vbox" with version "1.19-linux"
00:03:53.206190 nspr-5   Finished saving settings file "/home/m/VirtualBox VMs/arch/arch.vbox"
00:03:53.206620 nspr-2   Saving settings file "/home/m/.config/VirtualBox/VirtualBox.xml" with version "1.12-linux"
00:03:53.214689 nspr-2   Finished saving settings file "/home/m/.config/VirtualBox/VirtualBox.xml"
00:03:53.303265 nspr-6   ERROR [COM]: aRC=VBOX_E_INVALID_VM_STATE (0x80bb0002) aIID={300763af-5d6b-46e6-aa96-273eac15538a} aComponent={MachineWrap} aText={The machine is not mutable (state is Running)}, preserve=false aResultDetail=0
00:03:53.632476 nspr-9   Saving settings file "/home/m/VirtualBox VMs/arch/arch.vbox" with version "1.19-linux"
00:03:53.641038 nspr-9   Finished saving settings file "/home/m/VirtualBox VMs/arch/arch.vbox"
00:03:53.707131 nspr-3   Saving settings file "/home/m/.config/VirtualBox/VirtualBox.xml" with version "1.12-linux"
00:03:53.715226 nspr-3   Finished saving settings file "/home/m/.config/VirtualBox/VirtualBox.xml"
00:03:53.729383 nspr-11  ERROR [COM]: aRC=VBOX_E_INVALID_VM_STATE (0x80bb0002) aIID={300763af-5d6b-46e6-aa96-273eac15538a} aComponent={MachineWrap} aText={The machine is not mutable (state is Running)}, preserve=false aResultDetail=0
00:03:54.609322 nspr-8   Saving settings file "/home/m/VirtualBox VMs/arch/arch.vbox" with version "1.19-linux"
00:03:54.617446 nspr-8   Finished saving settings file "/home/m/VirtualBox VMs/arch/arch.vbox"
00:03:54.662031 nspr-2   ERROR [COM]: aRC=VBOX_E_INVALID_VM_STATE (0x80bb0002) aIID={300763af-5d6b-46e6-aa96-273eac15538a} aComponent={MachineWrap} aText={The machine is not mutable (state is Running)}, preserve=false aResultDetail=0
00:03:54.795134 nspr-5   Saving settings file "/home/m/.config/VirtualBox/VirtualBox.xml" with version "1.12-linux"
00:03:54.803138 nspr-5   Finished saving settings file "/home/m/.config/VirtualBox/VirtualBox.xml"
00:03:58.296202 nspr-2   Saving settings file "/home/m/.config/VirtualBox/VirtualBox.xml" with version "1.12-linux"
00:03:58.304346 nspr-2   Finished saving settings file "/home/m/.config/VirtualBox/VirtualBox.xml"
00:03:58.304862 nspr-9   Saving settings file "/home/m/VirtualBox VMs/arch/arch.vbox" with version "1.19-linux"
00:03:58.313380 nspr-9   Finished saving settings file "/home/m/VirtualBox VMs/arch/arch.vbox"
00:03:58.362582 nspr-4   ERROR [COM]: aRC=VBOX_E_INVALID_VM_STATE (0x80bb0002) aIID={300763af-5d6b-46e6-aa96-273eac15538a} aComponent={MachineWrap} aText={The machine is not mutable (state is Running)}, preserve=false aResultDetail=0
00:03:58.875329 nspr-8   Saving settings file "/home/m/.config/VirtualBox/VirtualBox.xml" with version "1.12-linux"
00:03:58.883851 nspr-8   Finished saving settings file "/home/m/.config/VirtualBox/VirtualBox.xml"
00:03:58.891493 nspr-5   Saving settings file "/home/m/VirtualBox VMs/arch/arch.vbox" with version "1.19-linux"
00:03:58.900338 nspr-5   Finished saving settings file "/home/m/VirtualBox VMs/arch/arch.vbox"
00:03:59.004416 nspr-4   ERROR [COM]: aRC=VBOX_E_INVALID_VM_STATE (0x80bb0002) aIID={300763af-5d6b-46e6-aa96-273eac15538a} aComponent={MachineWrap} aText={The machine is not mutable (state is Running)}, preserve=false aResultDetail=0
00:03:59.411149 nspr-6   Saving settings file "/home/m/.config/VirtualBox/VirtualBox.xml" with version "1.12-linux"
00:03:59.419713 nspr-6   Finished saving settings file "/home/m/.config/VirtualBox/VirtualBox.xml"
00:03:59.433863 nspr-7   Saving settings file "/home/m/VirtualBox VMs/arch/arch.vbox" with version "1.19-linux"
00:03:59.442422 nspr-7   Finished saving settings file "/home/m/VirtualBox VMs/arch/arch.vbox"
00:03:59.546121 nspr-2   ERROR [COM]: aRC=VBOX_E_INVALID_VM_STATE (0x80bb0002) aIID={300763af-5d6b-46e6-aa96-273eac15538a} aComponent={MachineWrap} aText={The machine is not mutable (state is Running)}, preserve=false aResultDetail=0
00:03:59.904343 nspr-3   Saving settings file "/home/m/.config/VirtualBox/VirtualBox.xml" with version "1.12-linux"
00:03:59.912480 nspr-3   Finished saving settings file "/home/m/.config/VirtualBox/VirtualBox.xml"
00:03:59.924159 nspr-8   Saving settings file "/home/m/VirtualBox VMs/arch/arch.vbox" with version "1.19-linux"
00:03:59.932419 nspr-8   Finished saving settings file "/home/m/VirtualBox VMs/arch/arch.vbox"
00:03:59.978424 nspr-3   ERROR [COM]: aRC=VBOX_E_INVALID_VM_STATE (0x80bb0002) aIID={300763af-5d6b-46e6-aa96-273eac15538a} aComponent={MachineWrap} aText={The machine is not mutable (state is Running)}, preserve=false aResultDetail=0
00:04:02.606597 nspr-7   Saving settings file "/home/m/.config/VirtualBox/VirtualBox.xml" with version "1.12-linux"
00:04:02.614640 nspr-7   Finished saving settings file "/home/m/.config/VirtualBox/VirtualBox.xml"
00:04:02.663201 nspr-11  Saving settings file "/home/m/.config/VirtualBox/VirtualBox.xml" with version "1.12-linux"
00:04:02.667875 nspr-11  Finished saving settings file "/home/m/.config/VirtualBox/VirtualBox.xml"
00:04:12.617390 nspr-9   Saving settings file "/home/m/.config/VirtualBox/VirtualBox.xml" with version "1.12-linux"
00:04:12.625281 nspr-9   Finished saving settings file "/home/m/.config/VirtualBox/VirtualBox.xml"
00:04:13.172955 nspr-8   ERROR [COM]: aRC=VBOX_E_INVALID_VM_STATE (0x80bb0002) aIID={300763af-5d6b-46e6-aa96-273eac15538a} aComponent={MachineWrap} aText={The machine is not mutable (state is Running)}, preserve=false aResultDetail=0
00:04:15.896040 nspr-11  Saving settings file "/home/m/.config/VirtualBox/VirtualBox.xml" with version "1.12-linux"
00:04:15.903998 nspr-11  Finished saving settings file "/home/m/.config/VirtualBox/VirtualBox.xml"
00:04:15.905284 nspr-5   Saving settings file "/home/m/VirtualBox VMs/arch/arch.vbox" with version "1.19-linux"
00:04:15.913575 nspr-5   Finished saving settings file "/home/m/VirtualBox VMs/arch/arch.vbox"
00:04:15.958805 nspr-2   ERROR [COM]: aRC=VBOX_E_INVALID_VM_STATE (0x80bb0002) aIID={300763af-5d6b-46e6-aa96-273eac15538a} aComponent={MachineWrap} aText={The machine is not mutable (state is Running)}, preserve=false aResultDetail=0
00:04:39.402050 nspr-6   Saving settings file "/home/m/VirtualBox VMs/arch/arch.vbox" with version "1.19-linux"
00:04:39.410451 nspr-6   Finished saving settings file "/home/m/VirtualBox VMs/arch/arch.vbox"
00:04:39.446767 nspr-2   Saving settings file "/home/m/.config/VirtualBox/VirtualBox.xml" with version "1.12-linux"
00:04:39.455006 nspr-2   Finished saving settings file "/home/m/.config/VirtualBox/VirtualBox.xml"
00:04:39.470136 nspr-12  ERROR [COM]: aRC=VBOX_E_INVALID_VM_STATE (0x80bb0002) aIID={300763af-5d6b-46e6-aa96-273eac15538a} aComponent={MachineWrap} aText={The machine is not mutable (state is Running)}, preserve=false aResultDetail=0
00:04:48.801828 nspr-10  Saving settings file "/home/m/VirtualBox VMs/arch/arch.vbox" with version "1.19-linux"
00:04:48.810041 nspr-10  Finished saving settings file "/home/m/VirtualBox VMs/arch/arch.vbox"
00:04:48.868678 nspr-11  ERROR [COM]: aRC=VBOX_E_INVALID_VM_STATE (0x80bb0002) aIID={300763af-5d6b-46e6-aa96-273eac15538a} aComponent={MachineWrap} aText={The machine is not mutable (state is Running)}, preserve=false aResultDetail=0
00:04:48.904869 nspr-12  Saving settings file "/home/m/.config/VirtualBox/VirtualBox.xml" with version "1.12-linux"
00:04:48.912861 nspr-12  Finished saving settings file "/home/m/.config/VirtualBox/VirtualBox.xml"
00:04:57.209052 nspr-5   Saving settings file "/home/m/VirtualBox VMs/arch/arch.vbox" with version "1.19-linux"
00:04:57.217208 nspr-5   Finished saving settings file "/home/m/VirtualBox VMs/arch/arch.vbox"
00:04:57.253395 nspr-3   ERROR [COM]: aRC=VBOX_E_INVALID_VM_STATE (0x80bb0002) aIID={300763af-5d6b-46e6-aa96-273eac15538a} aComponent={MachineWrap} aText={The machine is not mutable (state is Running)}, preserve=false aResultDetail=0
00:05:00.604456 nspr-12  Saving settings file "/home/m/.config/VirtualBox/VirtualBox.xml" with version "1.12-linux"
00:05:00.612460 nspr-12  Finished saving settings file "/home/m/.config/VirtualBox/VirtualBox.xml"
00:05:02.395234 nspr-12  Saving settings file "/home/m/.config/VirtualBox/VirtualBox.xml" with version "1.12-linux"
00:05:02.403287 nspr-12  Finished saving settings file "/home/m/.config/VirtualBox/VirtualBox.xml"
00:05:06.294541 nspr-10  Saving settings file "/home/m/.config/VirtualBox/VirtualBox.xml" with version "1.12-linux"
00:05:06.302331 nspr-10  Finished saving settings file "/home/m/.config/VirtualBox/VirtualBox.xml"
00:05:11.979335 nspr-11  Saving settings file "/home/m/.config/VirtualBox/VirtualBox.xml" with version "1.12-linux"
00:05:11.988521 nspr-11  Finished saving settings file "/home/m/.config/VirtualBox/VirtualBox.xml"
00:05:12.996939 nspr-10  Saving settings file "/home/m/.config/VirtualBox/VirtualBox.xml" with version "1.12-linux"
00:05:13.005464 nspr-10  Finished saving settings file "/home/m/.config/VirtualBox/VirtualBox.xml"
00:05:16.010563 nspr-3   Saving settings file "/home/m/.config/VirtualBox/VirtualBox.xml" with version "1.12-linux"
00:05:16.019458 nspr-3   Finished saving settings file "/home/m/.config/VirtualBox/VirtualBox.xml"
00:05:22.102002 nspr-5   Saving settings file "/home/m/VirtualBox VMs/arch/arch.vbox" with version "1.19-linux"
00:05:22.110958 nspr-5   Finished saving settings file "/home/m/VirtualBox VMs/arch/arch.vbox"
00:05:22.146140 nspr-6   ERROR [COM]: aRC=VBOX_E_INVALID_VM_STATE (0x80bb0002) aIID={300763af-5d6b-46e6-aa96-273eac15538a} aComponent={MachineWrap} aText={The machine is not mutable (state is Running)}, preserve=false aResultDetail=0
00:05:24.094992 nspr-8   Saving settings file "/home/m/VirtualBox VMs/arch/arch.vbox" with version "1.19-linux"
00:05:24.105750 nspr-8   Finished saving settings file "/home/m/VirtualBox VMs/arch/arch.vbox"
00:05:24.160163 nspr-9   ERROR [COM]: aRC=VBOX_E_INVALID_VM_STATE (0x80bb0002) aIID={300763af-5d6b-46e6-aa96-273eac15538a} aComponent={MachineWrap} aText={The machine is not mutable (state is Running)}, preserve=false aResultDetail=0
00:05:36.400989 nspr-5   Saving settings file "/home/m/VirtualBox VMs/arch/arch.vbox" with version "1.19-linux"
00:05:36.409099 nspr-5   Finished saving settings file "/home/m/VirtualBox VMs/arch/arch.vbox"
00:05:36.445399 nspr-6   ERROR [COM]: aRC=VBOX_E_INVALID_VM_STATE (0x80bb0002) aIID={300763af-5d6b-46e6-aa96-273eac15538a} aComponent={MachineWrap} aText={The machine is not mutable (state is Running)}, preserve=false aResultDetail=0
00:05:37.428903 nspr-5   Saving settings file "/home/m/VirtualBox VMs/arch/arch.vbox" with version "1.19-linux"
00:05:37.436969 nspr-5   Finished saving settings file "/home/m/VirtualBox VMs/arch/arch.vbox"
00:05:37.482479 nspr-12  ERROR [COM]: aRC=VBOX_E_INVALID_VM_STATE (0x80bb0002) aIID={300763af-5d6b-46e6-aa96-273eac15538a} aComponent={MachineWrap} aText={The machine is not mutable (state is Running)}, preserve=false aResultDetail=0
00:05:38.200617 nspr-4   Saving settings file "/home/m/VirtualBox VMs/arch/arch.vbox" with version "1.19-linux"
00:05:38.208862 nspr-4   Finished saving settings file "/home/m/VirtualBox VMs/arch/arch.vbox"
00:05:38.251780 nspr-12  ERROR [COM]: aRC=VBOX_E_INVALID_VM_STATE (0x80bb0002) aIID={300763af-5d6b-46e6-aa96-273eac15538a} aComponent={MachineWrap} aText={The machine is not mutable (state is Running)}, preserve=false aResultDetail=0
00:05:38.600855 nspr-6   Saving settings file "/home/m/VirtualBox VMs/arch/arch.vbox" with version "1.19-linux"
00:05:38.608940 nspr-6   Finished saving settings file "/home/m/VirtualBox VMs/arch/arch.vbox"
00:05:38.645578 nspr-4   ERROR [COM]: aRC=VBOX_E_INVALID_VM_STATE (0x80bb0002) aIID={300763af-5d6b-46e6-aa96-273eac15538a} aComponent={MachineWrap} aText={The machine is not mutable (state is Running)}, preserve=false aResultDetail=0
00:05:39.200123 nspr-3   Saving settings file "/home/m/VirtualBox VMs/arch/arch.vbox" with version "1.19-linux"
00:05:39.208195 nspr-3   Finished saving settings file "/home/m/VirtualBox VMs/arch/arch.vbox"
00:05:39.245279 nspr-9   ERROR [COM]: aRC=VBOX_E_INVALID_VM_STATE (0x80bb0002) aIID={300763af-5d6b-46e6-aa96-273eac15538a} aComponent={MachineWrap} aText={The machine is not mutable (state is Running)}, preserve=false aResultDetail=0
00:06:03.400392 nspr-3   Saving settings file "/home/m/.config/VirtualBox/VirtualBox.xml" with version "1.12-linux"
00:06:03.409767 nspr-3   Finished saving settings file "/home/m/.config/VirtualBox/VirtualBox.xml"
00:06:04.699441 nspr-8   Saving settings file "/home/m/.config/VirtualBox/VirtualBox.xml" with version "1.12-linux"
00:06:04.708775 nspr-8   Finished saving settings file "/home/m/.config/VirtualBox/VirtualBox.xml"
00:06:05.700311 nspr-4   Saving settings file "/home/m/.config/VirtualBox/VirtualBox.xml" with version "1.12-linux"
00:06:05.709769 nspr-4   Finished saving settings file "/home/m/.config/VirtualBox/VirtualBox.xml"
00:06:08.277408 nspr-6   Saving settings file "/home/m/.config/VirtualBox/VirtualBox.xml" with version "1.12-linux"
00:06:08.286088 nspr-6   Finished saving settings file "/home/m/.config/VirtualBox/VirtualBox.xml"
00:06:10.594985 nspr-7   Saving settings file "/home/m/.config/VirtualBox/VirtualBox.xml" with version "1.12-linux"
00:06:10.603144 nspr-7   Finished saving settings file "/home/m/.config/VirtualBox/VirtualBox.xml"
00:06:11.594695 nspr-10  Saving settings file "/home/m/.config/VirtualBox/VirtualBox.xml" with version "1.12-linux"
00:06:11.602452 nspr-10  Finished saving settings file "/home/m/.config/VirtualBox/VirtualBox.xml"
00:06:19.799514 nspr-7   Saving settings file "/home/m/.config/VirtualBox/VirtualBox.xml" with version "1.12-linux"
00:06:19.808857 nspr-7   Finished saving settings file "/home/m/.config/VirtualBox/VirtualBox.xml"
00:06:21.965683 nspr-3   Saving settings file "/home/m/.config/VirtualBox/VirtualBox.xml" with version "1.12-linux"
00:06:21.973701 nspr-3   Finished saving settings file "/home/m/.config/VirtualBox/VirtualBox.xml"
00:06:56.090727 nspr-7   Saving settings file "/home/m/VirtualBox VMs/arch/arch.vbox" with version "1.19-linux"
00:06:56.095426 nspr-7   Finished saving settings file "/home/m/VirtualBox VMs/arch/arch.vbox"
00:06:56.135677 nspr-3   ERROR [COM]: aRC=VBOX_E_INVALID_VM_STATE (0x80bb0002) aIID={300763af-5d6b-46e6-aa96-273eac15538a} aComponent={MachineWrap} aText={The machine is not mutable (state is Running)}, preserve=false aResultDetail=0
00:16:25.820912 nspr-5   Saving settings file "/home/m/VirtualBox VMs/arch/arch.vbox" with version "1.19-linux"
00:16:25.829225 nspr-5   Finished saving settings file "/home/m/VirtualBox VMs/arch/arch.vbox"
00:16:25.872229 nspr-8   ERROR [COM]: aRC=VBOX_E_INVALID_VM_STATE (0x80bb0002) aIID={300763af-5d6b-46e6-aa96-273eac15538a} aComponent={MachineWrap} aText={The machine is not mutable (state is Running)}, preserve=false aResultDetail=0
00:16:38.927793 nspr-8   Saving settings file "/home/m/VirtualBox VMs/arch/arch.vbox" with version "1.19-linux"
00:16:38.932558 nspr-8   Finished saving settings file "/home/m/VirtualBox VMs/arch/arch.vbox"
00:16:38.968161 nspr-2   ERROR [COM]: aRC=VBOX_E_INVALID_VM_STATE (0x80bb0002) aIID={300763af-5d6b-46e6-aa96-273eac15538a} aComponent={MachineWrap} aText={The machine is not mutable (state is Running)}, preserve=false aResultDetail=0
00:16:40.200509 nspr-10  Saving settings file "/home/m/VirtualBox VMs/arch/arch.vbox" with version "1.19-linux"
00:16:40.208851 nspr-10  Finished saving settings file "/home/m/VirtualBox VMs/arch/arch.vbox"
00:16:40.248980 nspr-3   ERROR [COM]: aRC=VBOX_E_INVALID_VM_STATE (0x80bb0002) aIID={300763af-5d6b-46e6-aa96-273eac15538a} aComponent={MachineWrap} aText={The machine is not mutable (state is Running)}, preserve=false aResultDetail=0
00:16:43.700273 nspr-2   Saving settings file "/home/m/VirtualBox VMs/arch/arch.vbox" with version "1.19-linux"
00:16:43.708442 nspr-2   Finished saving settings file "/home/m/VirtualBox VMs/arch/arch.vbox"
00:16:43.759527 nspr-6   ERROR [COM]: aRC=VBOX_E_INVALID_VM_STATE (0x80bb0002) aIID={300763af-5d6b-46e6-aa96-273eac15538a} aComponent={MachineWrap} aText={The machine is not mutable (state is Running)}, preserve=false aResultDetail=0
00:16:45.424065 nspr-9   Saving settings file "/home/m/VirtualBox VMs/arch/arch.vbox" with version "1.19-linux"
00:16:45.432273 nspr-9   Finished saving settings file "/home/m/VirtualBox VMs/arch/arch.vbox"
00:16:45.475698 nspr-12  ERROR [COM]: aRC=VBOX_E_INVALID_VM_STATE (0x80bb0002) aIID={300763af-5d6b-46e6-aa96-273eac15538a} aComponent={MachineWrap} aText={The machine is not mutable (state is Running)}, preserve=false aResultDetail=0
00:16:45.766073 nspr-2   Saving settings file "/home/m/VirtualBox VMs/arch/arch.vbox" with version "1.19-linux"
00:16:45.774123 nspr-2   Finished saving settings file "/home/m/VirtualBox VMs/arch/arch.vbox"
00:16:45.809409 nspr-2   ERROR [COM]: aRC=VBOX_E_INVALID_VM_STATE (0x80bb0002) aIID={300763af-5d6b-46e6-aa96-273eac15538a} aComponent={MachineWrap} aText={The machine is not mutable (state is Running)}, preserve=false aResultDetail=0
00:32:57.702335 nspr-5   Saving settings file "/home/m/VirtualBox VMs/arch/arch.vbox" with version "1.19-linux"
00:32:57.718137 nspr-5   Finished saving settings file "/home/m/VirtualBox VMs/arch/arch.vbox"
00:32:57.799926 nspr-3   ERROR [COM]: aRC=VBOX_E_INVALID_VM_STATE (0x80bb0002) aIID={300763af-5d6b-46e6-aa96-273eac15538a} aComponent={MachineWrap} aText={The machine is not mutable (state is Running)}, preserve=false aResultDetail=0
00:32:58.202219 nspr-12  Saving settings file "/home/m/VirtualBox VMs/arch/arch.vbox" with version "1.19-linux"
00:32:58.210422 nspr-12  Finished saving settings file "/home/m/VirtualBox VMs/arch/arch.vbox"
00:32:58.256445 nspr-5   ERROR [COM]: aRC=VBOX_E_INVALID_VM_STATE (0x80bb0002) aIID={300763af-5d6b-46e6-aa96-273eac15538a} aComponent={MachineWrap} aText={The machine is not mutable (state is Running)}, preserve=false aResultDetail=0
00:33:31.105188 nspr-2   Saving settings file "/home/m/.config/VirtualBox/VirtualBox.xml" with version "1.12-linux"
00:33:31.112267 nspr-8   Saving settings file "/home/m/VirtualBox VMs/arch/arch.vbox" with version "1.19-linux"
00:33:31.121480 nspr-8   Finished saving settings file "/home/m/VirtualBox VMs/arch/arch.vbox"
00:33:31.127581 nspr-2   Finished saving settings file "/home/m/.config/VirtualBox/VirtualBox.xml"
00:33:31.198848 nspr-11  ERROR [COM]: aRC=VBOX_E_INVALID_VM_STATE (0x80bb0002) aIID={300763af-5d6b-46e6-aa96-273eac15538a} aComponent={MachineWrap} aText={The machine is not mutable (state is Running)}, preserve=false aResultDetail=0
00:34:06.490851 nspr-4   Saving settings file "/home/m/.config/VirtualBox/VirtualBox.xml" with version "1.12-linux"
00:34:06.499267 nspr-4   Finished saving settings file "/home/m/.config/VirtualBox/VirtualBox.xml"
00:34:06.501573 nspr-10  Saving settings file "/home/m/VirtualBox VMs/arch/arch.vbox" with version "1.19-linux"
00:34:06.510266 nspr-10  Finished saving settings file "/home/m/VirtualBox VMs/arch/arch.vbox"
00:34:06.567832 nspr-3   ERROR [COM]: aRC=VBOX_E_INVALID_VM_STATE (0x80bb0002) aIID={300763af-5d6b-46e6-aa96-273eac15538a} aComponent={MachineWrap} aText={The machine is not mutable (state is Running)}, preserve=false aResultDetail=0
00:34:09.302666 nspr-5   Saving settings file "/home/m/.config/VirtualBox/VirtualBox.xml" with version "1.12-linux"
00:34:09.309558 nspr-6   Saving settings file "/home/m/VirtualBox VMs/arch/arch.vbox" with version "1.19-linux"
00:34:09.310909 nspr-5   Finished saving settings file "/home/m/.config/VirtualBox/VirtualBox.xml"
00:34:09.314698 nspr-6   Finished saving settings file "/home/m/VirtualBox VMs/arch/arch.vbox"
00:34:09.362249 nspr-10  ERROR [COM]: aRC=VBOX_E_INVALID_VM_STATE (0x80bb0002) aIID={300763af-5d6b-46e6-aa96-273eac15538a} aComponent={MachineWrap} aText={The machine is not mutable (state is Running)}, preserve=false aResultDetail=0
